[0.382s] Invoking command in '/home/mateusz/dev_ws/src/groszczyk_zembron/my_package': PYTHONPATH=/home/mateusz/dev_ws/src/groszczyk_zembron/my_package/install/my_package/lib/python3.8/site-packages:${PYTHONPATH} /usr/bin/python3 setup.py egg_info --egg-base build/my_package build --build-base /home/mateusz/dev_ws/src/groszczyk_zembron/my_package/build/my_package/build install --prefix /home/mateusz/dev_ws/src/groszczyk_zembron/my_package/install/my_package --record /home/mateusz/dev_ws/src/groszczyk_zembron/my_package/build/my_package/install.log --single-version-externally-managed
[0.680s] running egg_info
[0.681s] creating build/my_package/my_package.egg-info
[0.681s] writing build/my_package/my_package.egg-info/PKG-INFO
[0.682s] writing dependency_links to build/my_package/my_package.egg-info/dependency_links.txt
[0.682s] writing entry points to build/my_package/my_package.egg-info/entry_points.txt
[0.682s] writing requirements to build/my_package/my_package.egg-info/requires.txt
[0.682s] writing top-level names to build/my_package/my_package.egg-info/top_level.txt
[0.683s] writing manifest file 'build/my_package/my_package.egg-info/SOURCES.txt'
[0.729s] reading manifest file 'build/my_package/my_package.egg-info/SOURCES.txt'
[0.731s] writing manifest file 'build/my_package/my_package.egg-info/SOURCES.txt'
[0.731s] running build
[0.732s] running build_py
[0.732s] creating /home/mateusz/dev_ws/src/groszczyk_zembron/my_package/build/my_package/build
[0.732s] creating /home/mateusz/dev_ws/src/groszczyk_zembron/my_package/build/my_package/build/lib
[0.732s] creating /home/mateusz/dev_ws/src/groszczyk_zembron/my_package/build/my_package/build/lib/my_package
[0.732s] copying my_package/my_node.py -> /home/mateusz/dev_ws/src/groszczyk_zembron/my_package/build/my_package/build/lib/my_package
[0.732s] copying my_package/__init__.py -> /home/mateusz/dev_ws/src/groszczyk_zembron/my_package/build/my_package/build/lib/my_package
[0.733s] running install
[0.733s] running install_lib
[0.735s] creating /home/mateusz/dev_ws/src/groszczyk_zembron/my_package/install/my_package/lib/python3.8/site-packages/my_package
[0.735s] copying /home/mateusz/dev_ws/src/groszczyk_zembron/my_package/build/my_package/build/lib/my_package/my_node.py -> /home/mateusz/dev_ws/src/groszczyk_zembron/my_package/install/my_package/lib/python3.8/site-packages/my_package
[0.736s] copying /home/mateusz/dev_ws/src/groszczyk_zembron/my_package/build/my_package/build/lib/my_package/__init__.py -> /home/mateusz/dev_ws/src/groszczyk_zembron/my_package/install/my_package/lib/python3.8/site-packages/my_package
[0.736s] byte-compiling /home/mateusz/dev_ws/src/groszczyk_zembron/my_package/install/my_package/lib/python3.8/site-packages/my_package/my_node.py to my_node.cpython-38.pyc
[0.739s] byte-compiling /home/mateusz/dev_ws/src/groszczyk_zembron/my_package/install/my_package/lib/python3.8/site-packages/my_package/__init__.py to __init__.cpython-38.pyc
[0.739s] running install_data
[0.741s] creating /home/mateusz/dev_ws/src/groszczyk_zembron/my_package/install/my_package/share/ament_index
[0.741s] creating /home/mateusz/dev_ws/src/groszczyk_zembron/my_package/install/my_package/share/ament_index/resource_index
[0.741s] creating /home/mateusz/dev_ws/src/groszczyk_zembron/my_package/install/my_package/share/ament_index/resource_index/packages
[0.741s] copying resource/my_package -> /home/mateusz/dev_ws/src/groszczyk_zembron/my_package/install/my_package/share/ament_index/resource_index/packages
[0.742s] copying package.xml -> /home/mateusz/dev_ws/src/groszczyk_zembron/my_package/install/my_package/share/my_package
[0.742s] running install_egg_info
[0.743s] Copying build/my_package/my_package.egg-info to /home/mateusz/dev_ws/src/groszczyk_zembron/my_package/install/my_package/lib/python3.8/site-packages/my_package-0.0.0-py3.8.egg-info
[0.744s] running install_scripts
[0.772s] Installing my_node script to /home/mateusz/dev_ws/src/groszczyk_zembron/my_package/install/my_package/lib/my_package
[0.772s] writing list of installed files to '/home/mateusz/dev_ws/src/groszczyk_zembron/my_package/build/my_package/install.log'
[0.830s] Invoked command in '/home/mateusz/dev_ws/src/groszczyk_zembron/my_package' returned '0': PYTHONPATH=/home/mateusz/dev_ws/src/groszczyk_zembron/my_package/install/my_package/lib/python3.8/site-packages:${PYTHONPATH} /usr/bin/python3 setup.py egg_info --egg-base build/my_package build --build-base /home/mateusz/dev_ws/src/groszczyk_zembron/my_package/build/my_package/build install --prefix /home/mateusz/dev_ws/src/groszczyk_zembron/my_package/install/my_package --record /home/mateusz/dev_ws/src/groszczyk_zembron/my_package/build/my_package/install.log --single-version-externally-managed
