[0.183s] Invoking command in '/home/maciej/dev_ws/src/groszczyk_zembron/my_package': PYTHONPATH=/home/maciej/dev_ws/src/groszczyk_zembron/install/my_package/lib/python3.8/site-packages:${PYTHONPATH} /usr/bin/python3 setup.py egg_info --egg-base ../build/my_package build --build-base /home/maciej/dev_ws/src/groszczyk_zembron/build/my_package/build install --prefix /home/maciej/dev_ws/src/groszczyk_zembron/install/my_package --record /home/maciej/dev_ws/src/groszczyk_zembron/build/my_package/install.log --single-version-externally-managed
[0.342s] running egg_info
[0.343s] writing ../build/my_package/my_package.egg-info/PKG-INFO
[0.343s] writing dependency_links to ../build/my_package/my_package.egg-info/dependency_links.txt
[0.343s] writing entry points to ../build/my_package/my_package.egg-info/entry_points.txt
[0.343s] writing requirements to ../build/my_package/my_package.egg-info/requires.txt
[0.343s] writing top-level names to ../build/my_package/my_package.egg-info/top_level.txt
[0.366s] reading manifest file '../build/my_package/my_package.egg-info/SOURCES.txt'
[0.367s] writing manifest file '../build/my_package/my_package.egg-info/SOURCES.txt'
[0.367s] running build
[0.367s] running build_py
[0.367s] running install
[0.368s] running install_lib
[0.369s] running install_data
[0.369s] running install_egg_info
[0.371s] removing '/home/maciej/dev_ws/src/groszczyk_zembron/install/my_package/lib/python3.8/site-packages/my_package-0.0.0-py3.8.egg-info' (and everything under it)
[0.371s] Copying ../build/my_package/my_package.egg-info to /home/maciej/dev_ws/src/groszczyk_zembron/install/my_package/lib/python3.8/site-packages/my_package-0.0.0-py3.8.egg-info
[0.371s] running install_scripts
[0.384s] Installing my_node script to /home/maciej/dev_ws/src/groszczyk_zembron/install/my_package/lib/my_package
[0.384s] writing list of installed files to '/home/maciej/dev_ws/src/groszczyk_zembron/build/my_package/install.log'
[0.400s] Invoked command in '/home/maciej/dev_ws/src/groszczyk_zembron/my_package' returned '0': PYTHONPATH=/home/maciej/dev_ws/src/groszczyk_zembron/install/my_package/lib/python3.8/site-packages:${PYTHONPATH} /usr/bin/python3 setup.py egg_info --egg-base ../build/my_package build --build-base /home/maciej/dev_ws/src/groszczyk_zembron/build/my_package/build install --prefix /home/maciej/dev_ws/src/groszczyk_zembron/install/my_package --record /home/maciej/dev_ws/src/groszczyk_zembron/build/my_package/install.log --single-version-externally-managed
