[0.115s] DEBUG:colcon:Command line arguments: ['/usr/bin/colcon', 'build']
[0.115s] DEBUG:colcon:Parsed command line arguments: Namespace(ament_cmake_args=None, base_paths=['.'], build_base='build', catkin_cmake_args=None, catkin_skip_building_tests=False, cmake_args=None, cmake_clean_cache=False, cmake_clean_first=False, cmake_force_configure=False, cmake_target=None, cmake_target_skip_unavailable=False, continue_on_error=False, event_handlers=None, executor='parallel', ignore_user_meta=False, install_base='install', log_base=None, log_level=None, main=<bound method BuildVerb.main of <colcon_core.verb.build.BuildVerb object at 0x7fb4ec37f760>>, merge_install=False, metas=['./colcon.meta'], packages_above=None, packages_above_and_dependencies=None, packages_above_depth=None, packages_end=None, packages_ignore=None, packages_ignore_regex=None, packages_select=None, packages_select_build_failed=False, packages_select_by_dep=None, packages_select_regex=None, packages_select_test_failures=False, packages_skip=None, packages_skip_build_finished=False, packages_skip_by_dep=None, packages_skip_regex=None, packages_skip_test_passed=False, packages_skip_up_to=None, packages_start=None, packages_up_to=None, packages_up_to_regex=None, parallel_workers=8, paths=None, symlink_install=False, test_result_base=None, verb_extension=<colcon_core.verb.build.BuildVerb object at 0x7fb4ec37f760>, verb_name='build', verb_parser=<colcon_defaults.argument_parser.defaults.DefaultArgumentsDecorator object at 0x7fb4ec37fcd0>)
[0.119s] Level 1:colcon.colcon_core.package_discovery:discover_packages(colcon_meta) check parameters
[0.120s] Level 1:colcon.colcon_core.package_discovery:discover_packages(recursive) check parameters
[0.120s] Level 1:colcon.colcon_core.package_discovery:discover_packages(ignore) check parameters
[0.120s] Level 1:colcon.colcon_core.package_discovery:discover_packages(path) check parameters
[0.120s] Level 1:colcon.colcon_core.package_discovery:discover_packages(colcon_meta) discover
[0.120s] Level 1:colcon.colcon_core.package_discovery:discover_packages(recursive) discover
[0.120s] INFO:colcon.colcon_core.package_discovery:Crawling recursively for packages in '/home/maciej/dev_ws/src/groszczyk_zembron'
[0.120s] Level 1:colcon.colcon_core.package_identification:_identify(.) by extensions ['ignore', 'ignore_ament_install']
[0.120s] Level 1:colcon.colcon_core.package_identification:_identify(.) by extension 'ignore'
[0.120s] Level 1:colcon.colcon_core.package_identification:_identify(.) by extension 'ignore_ament_install'
[0.120s] Level 1:colcon.colcon_core.package_identification:_identify(.) by extensions ['colcon_pkg']
[0.120s] Level 1:colcon.colcon_core.package_identification:_identify(.) by extension 'colcon_pkg'
[0.120s] Level 1:colcon.colcon_core.package_identification:_identify(.) by extensions ['colcon_meta']
[0.120s] Level 1:colcon.colcon_core.package_identification:_identify(.) by extension 'colcon_meta'
[0.120s] Level 1:colcon.colcon_core.package_identification:_identify(.) by extensions ['ros']
[0.120s] Level 1:colcon.colcon_core.package_identification:_identify(.) by extension 'ros'
[0.128s] Level 1:colcon.colcon_core.package_identification:_identify(.) by extensions ['cmake', 'python']
[0.128s] Level 1:colcon.colcon_core.package_identification:_identify(.) by extension 'cmake'
[0.128s] Level 1:colcon.colcon_core.package_identification:_identify(.) by extension 'python'
[0.128s] Level 1:colcon.colcon_core.package_identification:_identify(.) by extensions ['python_setup_py']
[0.129s] Level 1:colcon.colcon_core.package_identification:_identify(.) by extension 'python_setup_py'
[0.129s] Level 1:colcon.colcon_core.package_identification:_identify(build) by extensions ['ignore', 'ignore_ament_install']
[0.129s] Level 1:colcon.colcon_core.package_identification:_identify(build) by extension 'ignore'
[0.129s] Level 1:colcon.colcon_core.package_identification:_identify(build) ignored
[0.129s] Level 1:colcon.colcon_core.package_identification:_identify(install) by extensions ['ignore', 'ignore_ament_install']
[0.129s] Level 1:colcon.colcon_core.package_identification:_identify(install) by extension 'ignore'
[0.129s] Level 1:colcon.colcon_core.package_identification:_identify(install) ignored
[0.129s] Level 1:colcon.colcon_core.package_identification:_identify(log) by extensions ['ignore', 'ignore_ament_install']
[0.129s] Level 1:colcon.colcon_core.package_identification:_identify(log) by extension 'ignore'
[0.129s] Level 1:colcon.colcon_core.package_identification:_identify(log) ignored
[0.129s] Level 1:colcon.colcon_core.package_identification:_identify(my_package) by extensions ['ignore', 'ignore_ament_install']
[0.129s] Level 1:colcon.colcon_core.package_identification:_identify(my_package) by extension 'ignore'
[0.129s] Level 1:colcon.colcon_core.package_identification:_identify(my_package) by extension 'ignore_ament_install'
[0.129s] Level 1:colcon.colcon_core.package_identification:_identify(my_package) by extensions ['colcon_pkg']
[0.129s] Level 1:colcon.colcon_core.package_identification:_identify(my_package) by extension 'colcon_pkg'
[0.129s] Level 1:colcon.colcon_core.package_identification:_identify(my_package) by extensions ['colcon_meta']
[0.129s] Level 1:colcon.colcon_core.package_identification:_identify(my_package) by extension 'colcon_meta'
[0.129s] Level 1:colcon.colcon_core.package_identification:_identify(my_package) by extensions ['ros']
[0.129s] Level 1:colcon.colcon_core.package_identification:_identify(my_package) by extension 'ros'
[0.132s] DEBUG:colcon.colcon_core.package_identification:Package 'my_package' with type 'ros.ament_python' and name 'my_package'
[0.132s] Level 1:colcon.colcon_core.package_discovery:discover_packages(recursive) using defaults
[0.132s] Level 1:colcon.colcon_core.package_discovery:discover_packages(ignore) discover
[0.132s] Level 1:colcon.colcon_core.package_discovery:discover_packages(ignore) using defaults
[0.132s] Level 1:colcon.colcon_core.package_discovery:discover_packages(path) discover
[0.132s] Level 1:colcon.colcon_core.package_discovery:discover_packages(path) using defaults
[0.147s] Level 5:colcon.colcon_core.verb:set package 'my_package' build argument 'cmake_args' from command line to 'None'
[0.147s] Level 5:colcon.colcon_core.verb:set package 'my_package' build argument 'cmake_target' from command line to 'None'
[0.147s] Level 5:colcon.colcon_core.verb:set package 'my_package' build argument 'cmake_target_skip_unavailable' from command line to 'False'
[0.147s] Level 5:colcon.colcon_core.verb:set package 'my_package' build argument 'cmake_clean_cache' from command line to 'False'
[0.147s] Level 5:colcon.colcon_core.verb:set package 'my_package' build argument 'cmake_clean_first' from command line to 'False'
[0.147s] Level 5:colcon.colcon_core.verb:set package 'my_package' build argument 'cmake_force_configure' from command line to 'False'
[0.147s] Level 5:colcon.colcon_core.verb:set package 'my_package' build argument 'ament_cmake_args' from command line to 'None'
[0.147s] Level 5:colcon.colcon_core.verb:set package 'my_package' build argument 'catkin_cmake_args' from command line to 'None'
[0.147s] Level 5:colcon.colcon_core.verb:set package 'my_package' build argument 'catkin_skip_building_tests' from command line to 'False'
[0.147s] DEBUG:colcon.colcon_core.verb:Building package 'my_package' with the following arguments: {'ament_cmake_args': None, 'build_base': '/home/maciej/dev_ws/src/groszczyk_zembron/build/my_package', 'catkin_cmake_args': None, 'catkin_skip_building_tests': False, 'cmake_args': None, 'cmake_clean_cache': False, 'cmake_clean_first': False, 'cmake_force_configure': False, 'cmake_target': None, 'cmake_target_skip_unavailable': False, 'install_base': '/home/maciej/dev_ws/src/groszczyk_zembron/install/my_package', 'merge_install': False, 'path': '/home/maciej/dev_ws/src/groszczyk_zembron/my_package', 'symlink_install': False, 'test_result_base': None}
[0.147s] INFO:colcon.colcon_core.executor:Executing jobs using 'parallel' executor
[0.148s] DEBUG:colcon.colcon_parallel_executor.executor.parallel:run_until_complete
[0.149s] INFO:colcon.colcon_ros.task.ament_python.build:Building ROS package in '/home/maciej/dev_ws/src/groszczyk_zembron/my_package' with build type 'ament_python'
[0.149s] Level 1:colcon.colcon_core.shell:create_environment_hook('my_package', 'ament_prefix_path')
[0.151s] INFO:colcon.colcon_core.plugin_system:Skipping extension 'colcon_core.shell.bat': Not used on non-Windows systems
[0.151s] INFO:colcon.colcon_core.shell:Creating environment hook '/home/maciej/dev_ws/src/groszczyk_zembron/install/my_package/share/my_package/hook/ament_prefix_path.ps1'
[0.152s] INFO:colcon.colcon_core.shell:Creating environment descriptor '/home/maciej/dev_ws/src/groszczyk_zembron/install/my_package/share/my_package/hook/ament_prefix_path.dsv'
[0.152s] INFO:colcon.colcon_core.shell:Creating environment hook '/home/maciej/dev_ws/src/groszczyk_zembron/install/my_package/share/my_package/hook/ament_prefix_path.sh'
[0.153s] INFO:colcon.colcon_core.shell:Skip shell extension 'powershell' for command environment: Not usable outside of PowerShell
[0.153s] DEBUG:colcon.colcon_core.shell:Skip shell extension 'dsv' for command environment
[0.155s] DEBUG:colcon.colcon_core.shell:Ignoring prefix path '/opt/ros/foxy'
[0.330s] INFO:colcon.colcon_core.task.python.build:Building Python package in '/home/maciej/dev_ws/src/groszczyk_zembron/my_package'
[0.331s] INFO:colcon.colcon_core.shell:Skip shell extension 'powershell' for command environment: Not usable outside of PowerShell
[0.331s] DEBUG:colcon.colcon_core.shell:Skip shell extension 'dsv' for command environment
[0.332s] DEBUG:colcon.colcon_core.shell:Ignoring prefix path '/opt/ros/foxy'
[0.338s] DEBUG:colcon.colcon_core.event_handler.log_command:Invoking command in '/home/maciej/dev_ws/src/groszczyk_zembron/my_package': PYTHONPATH=/home/maciej/dev_ws/src/groszczyk_zembron/install/my_package/lib/python3.8/site-packages:${PYTHONPATH} /usr/bin/python3 setup.py egg_info --egg-base ../build/my_package build --build-base /home/maciej/dev_ws/src/groszczyk_zembron/build/my_package/build install --prefix /home/maciej/dev_ws/src/groszczyk_zembron/install/my_package --record /home/maciej/dev_ws/src/groszczyk_zembron/build/my_package/install.log --single-version-externally-managed
[0.574s] DEBUG:colcon.colcon_core.event_handler.log_command:Invoked command in '/home/maciej/dev_ws/src/groszczyk_zembron/my_package' returned '0': PYTHONPATH=/home/maciej/dev_ws/src/groszczyk_zembron/install/my_package/lib/python3.8/site-packages:${PYTHONPATH} /usr/bin/python3 setup.py egg_info --egg-base ../build/my_package build --build-base /home/maciej/dev_ws/src/groszczyk_zembron/build/my_package/build install --prefix /home/maciej/dev_ws/src/groszczyk_zembron/install/my_package --record /home/maciej/dev_ws/src/groszczyk_zembron/build/my_package/install.log --single-version-externally-managed
[0.576s] Level 1:colcon.colcon_core.environment:checking '/home/maciej/dev_ws/src/groszczyk_zembron/install/my_package' for CMake module files
[0.576s] Level 1:colcon.colcon_core.environment:checking '/home/maciej/dev_ws/src/groszczyk_zembron/install/my_package' for CMake config files
[0.577s] Level 1:colcon.colcon_core.environment:checking '/home/maciej/dev_ws/src/groszczyk_zembron/install/my_package/lib'
[0.577s] Level 1:colcon.colcon_core.environment:checking '/home/maciej/dev_ws/src/groszczyk_zembron/install/my_package/bin'
[0.577s] Level 1:colcon.colcon_core.environment:checking '/home/maciej/dev_ws/src/groszczyk_zembron/install/my_package/lib/pkgconfig/my_package.pc'
[0.577s] Level 1:colcon.colcon_core.environment:checking '/home/maciej/dev_ws/src/groszczyk_zembron/install/my_package/lib/python3.8/site-packages'
[0.577s] Level 1:colcon.colcon_core.shell:create_environment_hook('my_package', 'pythonpath')
[0.578s] INFO:colcon.colcon_core.shell:Creating environment hook '/home/maciej/dev_ws/src/groszczyk_zembron/install/my_package/share/my_package/hook/pythonpath.ps1'
[0.578s] INFO:colcon.colcon_core.shell:Creating environment descriptor '/home/maciej/dev_ws/src/groszczyk_zembron/install/my_package/share/my_package/hook/pythonpath.dsv'
[0.578s] INFO:colcon.colcon_core.shell:Creating environment hook '/home/maciej/dev_ws/src/groszczyk_zembron/install/my_package/share/my_package/hook/pythonpath.sh'
[0.579s] Level 1:colcon.colcon_core.environment:create_environment_scripts_only(my_package)
[0.579s] INFO:colcon.colcon_core.shell:Creating package script '/home/maciej/dev_ws/src/groszczyk_zembron/install/my_package/share/my_package/package.ps1'
[0.580s] INFO:colcon.colcon_core.shell:Creating package descriptor '/home/maciej/dev_ws/src/groszczyk_zembron/install/my_package/share/my_package/package.dsv'
[0.580s] INFO:colcon.colcon_core.shell:Creating package script '/home/maciej/dev_ws/src/groszczyk_zembron/install/my_package/share/my_package/package.sh'
[0.581s] INFO:colcon.colcon_core.shell:Creating package script '/home/maciej/dev_ws/src/groszczyk_zembron/install/my_package/share/my_package/package.bash'
[0.581s] INFO:colcon.colcon_core.shell:Creating package script '/home/maciej/dev_ws/src/groszczyk_zembron/install/my_package/share/my_package/package.zsh'
[0.582s] Level 1:colcon.colcon_core.environment:create_file_with_runtime_dependencies(/home/maciej/dev_ws/src/groszczyk_zembron/install/my_package/share/colcon-core/packages/my_package)
[0.582s] DEBUG:colcon.colcon_parallel_executor.executor.parallel:closing loop
[0.582s] DEBUG:colcon.colcon_parallel_executor.executor.parallel:loop closed
[0.582s] DEBUG:colcon.colcon_parallel_executor.executor.parallel:run_until_complete finished with '0'
[0.582s] DEBUG:colcon.colcon_core.event_reactor:joining thread
[0.587s] INFO:colcon.colcon_core.plugin_system:Skipping extension 'colcon_notification.desktop_notification.terminal_notifier': Not used on non-Darwin systems
[0.587s] INFO:colcon.colcon_core.plugin_system:Skipping extension 'colcon_notification.desktop_notification.win32': Not used on non-Windows systems
[0.587s] INFO:colcon.colcon_notification.desktop_notification:Sending desktop notification using 'notify2'
[0.599s] DEBUG:colcon.colcon_core.event_reactor:joined thread
[0.600s] INFO:colcon.colcon_core.shell:Creating prefix script '/home/maciej/dev_ws/src/groszczyk_zembron/install/local_setup.ps1'
[0.601s] INFO:colcon.colcon_core.shell:Creating prefix util module '/home/maciej/dev_ws/src/groszczyk_zembron/install/_local_setup_util_ps1.py'
[0.602s] INFO:colcon.colcon_core.shell:Creating prefix chain script '/home/maciej/dev_ws/src/groszczyk_zembron/install/setup.ps1'
[0.604s] INFO:colcon.colcon_core.shell:Creating prefix script '/home/maciej/dev_ws/src/groszczyk_zembron/install/local_setup.sh'
[0.605s] INFO:colcon.colcon_core.shell:Creating prefix util module '/home/maciej/dev_ws/src/groszczyk_zembron/install/_local_setup_util_sh.py'
[0.605s] INFO:colcon.colcon_core.shell:Creating prefix chain script '/home/maciej/dev_ws/src/groszczyk_zembron/install/setup.sh'
[0.608s] INFO:colcon.colcon_core.shell:Creating prefix script '/home/maciej/dev_ws/src/groszczyk_zembron/install/local_setup.bash'
[0.608s] INFO:colcon.colcon_core.shell:Creating prefix chain script '/home/maciej/dev_ws/src/groszczyk_zembron/install/setup.bash'
[0.610s] INFO:colcon.colcon_core.shell:Creating prefix script '/home/maciej/dev_ws/src/groszczyk_zembron/install/local_setup.zsh'
[0.610s] INFO:colcon.colcon_core.shell:Creating prefix chain script '/home/maciej/dev_ws/src/groszczyk_zembron/install/setup.zsh'
