[0.189s] Invoking command in '/home/maciej/dev_ws/src/groszczyk_zembron/my_package': PYTHONPATH=/home/maciej/dev_ws/src/groszczyk_zembron/install/my_package/lib/python3.8/site-packages:${PYTHONPATH} /usr/bin/python3 setup.py egg_info --egg-base ../build/my_package build --build-base /home/maciej/dev_ws/src/groszczyk_zembron/build/my_package/build install --prefix /home/maciej/dev_ws/src/groszczyk_zembron/install/my_package --record /home/maciej/dev_ws/src/groszczyk_zembron/build/my_package/install.log --single-version-externally-managed
[0.352s] running egg_info
[0.352s] creating ../build/my_package/my_package.egg-info
[0.352s] writing ../build/my_package/my_package.egg-info/PKG-INFO
[0.353s] writing dependency_links to ../build/my_package/my_package.egg-info/dependency_links.txt
[0.353s] writing entry points to ../build/my_package/my_package.egg-info/entry_points.txt
[0.353s] writing requirements to ../build/my_package/my_package.egg-info/requires.txt
[0.353s] writing top-level names to ../build/my_package/my_package.egg-info/top_level.txt
[0.356s] writing manifest file '../build/my_package/my_package.egg-info/SOURCES.txt'
[0.384s] reading manifest file '../build/my_package/my_package.egg-info/SOURCES.txt'
[0.385s] writing manifest file '../build/my_package/my_package.egg-info/SOURCES.txt'
[0.385s] running build
[0.385s] running build_py
[0.385s] creating /home/maciej/dev_ws/src/groszczyk_zembron/build/my_package/build
[0.385s] creating /home/maciej/dev_ws/src/groszczyk_zembron/build/my_package/build/lib
[0.385s] creating /home/maciej/dev_ws/src/groszczyk_zembron/build/my_package/build/lib/my_package
[0.385s] copying my_package/my_node.py -> /home/maciej/dev_ws/src/groszczyk_zembron/build/my_package/build/lib/my_package
[0.385s] copying my_package/__init__.py -> /home/maciej/dev_ws/src/groszczyk_zembron/build/my_package/build/lib/my_package
[0.386s] running install
[0.386s] running install_lib
[0.387s] creating /home/maciej/dev_ws/src/groszczyk_zembron/install/my_package/lib/python3.8/site-packages/my_package
[0.387s] copying /home/maciej/dev_ws/src/groszczyk_zembron/build/my_package/build/lib/my_package/my_node.py -> /home/maciej/dev_ws/src/groszczyk_zembron/install/my_package/lib/python3.8/site-packages/my_package
[0.387s] copying /home/maciej/dev_ws/src/groszczyk_zembron/build/my_package/build/lib/my_package/__init__.py -> /home/maciej/dev_ws/src/groszczyk_zembron/install/my_package/lib/python3.8/site-packages/my_package
[0.388s] byte-compiling /home/maciej/dev_ws/src/groszczyk_zembron/install/my_package/lib/python3.8/site-packages/my_package/my_node.py to my_node.cpython-38.pyc
[0.389s] byte-compiling /home/maciej/dev_ws/src/groszczyk_zembron/install/my_package/lib/python3.8/site-packages/my_package/__init__.py to __init__.cpython-38.pyc
[0.389s] running install_data
[0.389s] creating /home/maciej/dev_ws/src/groszczyk_zembron/install/my_package/share/ament_index
[0.390s] creating /home/maciej/dev_ws/src/groszczyk_zembron/install/my_package/share/ament_index/resource_index
[0.390s] creating /home/maciej/dev_ws/src/groszczyk_zembron/install/my_package/share/ament_index/resource_index/packages
[0.390s] copying resource/my_package -> /home/maciej/dev_ws/src/groszczyk_zembron/install/my_package/share/ament_index/resource_index/packages
[0.390s] copying package.xml -> /home/maciej/dev_ws/src/groszczyk_zembron/install/my_package/share/my_package
[0.390s] running install_egg_info
[0.391s] Copying ../build/my_package/my_package.egg-info to /home/maciej/dev_ws/src/groszczyk_zembron/install/my_package/lib/python3.8/site-packages/my_package-0.0.0-py3.8.egg-info
[0.392s] running install_scripts
[0.408s] Installing my_node script to /home/maciej/dev_ws/src/groszczyk_zembron/install/my_package/lib/my_package
[0.409s] writing list of installed files to '/home/maciej/dev_ws/src/groszczyk_zembron/build/my_package/install.log'
[0.425s] Invoked command in '/home/maciej/dev_ws/src/groszczyk_zembron/my_package' returned '0': PYTHONPATH=/home/maciej/dev_ws/src/groszczyk_zembron/install/my_package/lib/python3.8/site-packages:${PYTHONPATH} /usr/bin/python3 setup.py egg_info --egg-base ../build/my_package build --build-base /home/maciej/dev_ws/src/groszczyk_zembron/build/my_package/build install --prefix /home/maciej/dev_ws/src/groszczyk_zembron/install/my_package --record /home/maciej/dev_ws/src/groszczyk_zembron/build/my_package/install.log --single-version-externally-managed
